Arguments: 
  /Users/lukakobalia/.nvm/versions/node/v9.4.0/bin/node /Users/lukakobalia/.nvm/versions/node/v9.4.0/bin/yarn buikld

PATH: 
  /Users/lukakobalia/.nvm/versions/node/v9.4.0/bin:/usr/local/bin:/usr/bin:/bin:/usr/sbin:/sbin

Yarn version: 
  1.5.1

Node version: 
  9.4.0

Platform: 
  darwin x64

npm manifest: 
  {
    "dependencies": {
      "express": "^4.16.3",
      "tilt.js": "^1.2.1"
    },
    "name": "my-package",
      "scripts": {
      "build": "browser-sync start --server --files './**/*'"
    }
  }

yarn manifest: 
  No manifest

Lockfile: 
  # THIS IS AN AUTOGENERATED FILE. DO NOT EDIT THIS FILE DIRECTLY.
  # yarn lockfile v1
  
  
  jquery@^3.1.1:
    version "3.3.1"
    resolved "https://registry.yarnpkg.com/jquery/-/jquery-3.3.1.tgz#958ce29e81c9790f31be7792df5d4d95fc57fbca"
  
  tilt.js@^1.2.1:
    version "1.2.1"
    resolved "https://registry.yarnpkg.com/tilt.js/-/tilt.js-1.2.1.tgz#7d140ecb06744192815735e538b02739fe24d92f"
    dependencies:
      jquery "^3.1.1"

Trace: 
  Error: Command "buikld" not found. Did you mean "build"?
      at new MessageError (/Users/lukakobalia/.nvm/versions/node/v9.4.0/lib/node_modules/yarn/lib/cli.js:186:110)
      at /Users/lukakobalia/.nvm/versions/node/v9.4.0/lib/node_modules/yarn/lib/cli.js:87307:17
      at Generator.next (<anonymous>)
      at step (/Users/lukakobalia/.nvm/versions/node/v9.4.0/lib/node_modules/yarn/lib/cli.js:98:30)
      at /Users/lukakobalia/.nvm/versions/node/v9.4.0/lib/node_modules/yarn/lib/cli.js:116:14
      at new Promise (<anonymous>)
      at new F (/Users/lukakobalia/.nvm/versions/node/v9.4.0/lib/node_modules/yarn/lib/cli.js:23451:28)
      at /Users/lukakobalia/.nvm/versions/node/v9.4.0/lib/node_modules/yarn/lib/cli.js:95:12
      at runCommand (/Users/lukakobalia/.nvm/versions/node/v9.4.0/lib/node_modules/yarn/lib/cli.js:87312:22)
      at Object.<anonymous> (/Users/lukakobalia/.nvm/versions/node/v9.4.0/lib/node_modules/yarn/lib/cli.js:87412:14)
